<?xml version="1.0" encoding="UTF-8"?>
<!-- Generated by org.testng.reporters.JUnitReportReporter -->
<testsuite hostname="DESKTOP-T6KLQOF" failures="0" tests="1" name="driverFactory.DriverScript" time="62.661" errors="0" timestamp="2024-08-24T11:07:32 IST" skipped="0">
  <testcase classname="driverFactory.DriverScript" name="startTest" time="62.661">
    <system-out>
      <![CDATA[No of rows are::7
Login success::dashboard        http://webapp.qedgetech.com/dashboard.php
Incorrect user ID or password     dashboard        http://webapp.qedgetech.com/login.php
Login success::dashboard        http://webapp.qedgetech.com/dashboard.php
Incorrect user ID or password     dashboard        http://webapp.qedgetech.com/login.php
Login success::dashboard        http://webapp.qedgetech.com/dashboard.php
Login success::dashboard        http://webapp.qedgetech.com/dashboard.php
Incorrect user ID or password     dashboard        http://webapp.qedgetech.com/login.php]]>
    </system-out>
  </testcase> <!-- startTest -->
  <system-out>
    <![CDATA[No of rows are::7
Login success::dashboard        http://webapp.qedgetech.com/dashboard.php
Incorrect user ID or password     dashboard        http://webapp.qedgetech.com/login.php
Login success::dashboard        http://webapp.qedgetech.com/dashboard.php
Incorrect user ID or password     dashboard        http://webapp.qedgetech.com/login.php
Login success::dashboard        http://webapp.qedgetech.com/dashboard.php
Login success::dashboard        http://webapp.qedgetech.com/dashboard.php
Incorrect user ID or password     dashboard        http://webapp.qedgetech.com/login.php]]>
  </system-out>
</testsuite> <!-- driverFactory.DriverScript -->
